<?xml version="1.0" encoding="UTF-8"?>
<testng-results ignored="0" total="1" passed="1" failed="0" skipped="0">
  <reporter-output>
  </reporter-output>
  <suite started-at="2022-09-13T03:06:30 IST" name="Default suite" finished-at="2022-09-13T03:06:49 IST" duration-ms="18728">
    <groups>
    </groups>
    <test started-at="2022-09-13T03:06:30 IST" name="Default test" finished-at="2022-09-13T03:06:49 IST" duration-ms="18728">
      <class name="de.contorion.testcases.SearchPageTest">
        <test-method is-config="true" signature="setUp()[pri:0, instance:de.contorion.testcases.SearchPageTest@543588e6]" started-at="2022-09-13T03:06:30 IST" name="setUp" finished-at="2022-09-13T03:06:42 IST" duration-ms="12434" status="PASS">
          <reporter-output>
          </reporter-output>
        </test-method> <!-- setUp -->
        <test-method signature="ProductAvailabiltytest()[pri:0, instance:de.contorion.testcases.SearchPageTest@543588e6]" started-at="2022-09-13T03:06:42 IST" name="ProductAvailabiltytest" finished-at="2022-09-13T03:06:48 IST" duration-ms="5861" status="PASS">
          <reporter-output>
          </reporter-output>
        </test-method> <!-- ProductAvailabiltytest -->
        <test-method is-config="true" signature="tearDown()[pri:0, instance:de.contorion.testcases.SearchPageTest@543588e6]" started-at="2022-09-13T03:06:48 IST" name="tearDown" finished-at="2022-09-13T03:06:49 IST" duration-ms="394" status="PASS">
          <reporter-output>
          </reporter-output>
        </test-method> <!-- tearDown -->
      </class> <!-- de.contorion.testcases.SearchPageTest -->
    </test> <!-- Default test -->
  </suite> <!-- Default suite -->
</testng-results>
